Arguments: 
  C:\Program Files\nodejs\node.exe C:\Users\HBA118330197\AppData\Roaming\npm\node_modules\yarn\bin\yarn.js add sequelize

PATH: 
  C:\Program Files (x86)\Common Files\Oracle\Java\javapath;C:\Program Files (x86)\Intel\Intel(R) Management Engine Components\iCLS\;C:\Program Files\Intel\Intel(R) Management Engine Components\iCLS\;C:\WINDOWS\system32;C:\WINDOWS;C:\WINDOWS\System32\Wbem;C:\WINDOWS\System32\WindowsPowerShell\v1.0\;C:\WINDOWS\System32\OpenSSH\;C:\Program Files (x86)\Intel\Intel(R) Management Engine Components\DAL;C:\Program Files\Intel\Intel(R) Management Engine Components\DAL;C:\Program Files\TortoiseSVN\bin;C:\Program Files\PostgreSQL\11\bin;c:\work;C:\Program Files\nodejs\;C:\Program Files\Docker\Docker\resources\bin;C:\ProgramData\DockerDesktop\version-bin;C:\Program Files\Git\cmd;C:\Users\HBA118330197\AppData\Local\Microsoft\WindowsApps;C:\Users\HBA118330197\AppData\Local\Programs\Microsoft VS Code\bin;C:\Users\HBA118330197\AppData\Roaming\npm

Yarn version: 
  1.19.0

Node version: 
  12.13.0

Platform: 
  win32 x64

Trace: 
  SyntaxError: C:\work\社内\社内DX\ICT-STORE\git\ictstore\examinations\storeinfo-api\package.json: Unexpected string in JSON at position 174
      at JSON.parse (<anonymous>)
      at C:\Users\HBA118330197\AppData\Roaming\npm\node_modules\yarn\lib\cli.js:1625:59
      at Generator.next (<anonymous>)
      at step (C:\Users\HBA118330197\AppData\Roaming\npm\node_modules\yarn\lib\cli.js:304:30)
      at C:\Users\HBA118330197\AppData\Roaming\npm\node_modules\yarn\lib\cli.js:315:13

npm manifest: 
  {
    "name": "ict-store-server",
    "version": "1.0.0",
    "description": "",
    "main": "index.js",
    "scripts": {
      "test": "echo \"Error: no test specified\" && exit 1"
      "start": "node server.js"
    },
    "keywords": [],
    "author": "",
    "license": "ISC",
    "dependencies": {
      "express": "^4.17.1"
    }
  }

yarn manifest: 
  No manifest

Lockfile: 
  No lockfile
